c:\users\arkad\projects\numcpplib\build\example_linalg.dir\debug\vc143.pdb
c:\users\arkad\projects\numcpplib\build\example_linalg.dir\debug\example_linear_algebra.obj
c:\users\arkad\projects\numcpplib\build\cmakefiles\generate.stamp
c:\users\arkad\projects\numcpplib\build\example_linalg.dir\debug\example_linalg.ilk
c:\users\arkad\projects\numcpplib\build\example_linalg.dir\debug\example_approximation.obj
c:\users\arkad\projects\numcpplib\build\debug\example_linalg.pdb
c:\users\arkad\projects\numcpplib\build\example_linalg.dir\debug\example_linalg.tlog\cl.command.1.tlog
c:\users\arkad\projects\numcpplib\build\example_linalg.dir\debug\example_linalg.tlog\cl.items.tlog
c:\users\arkad\projects\numcpplib\build\example_linalg.dir\debug\example_linalg.tlog\cl.read.1.tlog
c:\users\arkad\projects\numcpplib\build\example_linalg.dir\debug\example_linalg.tlog\cl.write.1.tlog
c:\users\arkad\projects\numcpplib\build\example_linalg.dir\debug\example_linalg.tlog\custombuild.command.1.tlog
c:\users\arkad\projects\numcpplib\build\example_linalg.dir\debug\example_linalg.tlog\custombuild.read.1.tlog
c:\users\arkad\projects\numcpplib\build\example_linalg.dir\debug\example_linalg.tlog\custombuild.write.1.tlog
c:\users\arkad\projects\numcpplib\build\example_linalg.dir\debug\example_linalg.tlog\link.21600-cvtres.read.1.tlog
c:\users\arkad\projects\numcpplib\build\example_linalg.dir\debug\example_linalg.tlog\link.21600-cvtres.write.1.tlog
c:\users\arkad\projects\numcpplib\build\example_linalg.dir\debug\example_linalg.tlog\link.21600-rc.read.1.tlog
c:\users\arkad\projects\numcpplib\build\example_linalg.dir\debug\example_linalg.tlog\link.21600-rc.write.1.tlog
c:\users\arkad\projects\numcpplib\build\example_linalg.dir\debug\example_linalg.tlog\link.21600.read.1.tlog
c:\users\arkad\projects\numcpplib\build\example_linalg.dir\debug\example_linalg.tlog\link.21600.read.2.tlog
c:\users\arkad\projects\numcpplib\build\example_linalg.dir\debug\example_linalg.tlog\link.21600.write.1.tlog
c:\users\arkad\projects\numcpplib\build\example_linalg.dir\debug\example_linalg.tlog\link.command.1.tlog
c:\users\arkad\projects\numcpplib\build\example_linalg.dir\debug\example_linalg.tlog\link.read.1.tlog
c:\users\arkad\projects\numcpplib\build\example_linalg.dir\debug\example_linalg.tlog\link.secondary.1.tlog
c:\users\arkad\projects\numcpplib\build\example_linalg.dir\debug\example_linalg.tlog\link.write.1.tlog
